...................................
----------------------------------------------------------------------
Ran 35 tests in 6.409s

OK
Name                        Stmts   Miss  Cover   Missing
---------------------------------------------------------
utilities/emailService.py      90     41    54%   56-57, 68-72, 85-130
utilities/json_parser.py       66     58    12%   21-48, 55-96
utilities/management.py       473    226    52%   90, 102, 200, 278, 305-382, 391-414, 432-482, 491-528, 535-569, 575-615, 619-651, 654-664, 685-686, 737
utilities/views.py            231     80    65%   28, 37-41, 51, 58, 66, 70, 74, 82-83, 108-109, 118-119, 147-148, 167-168, 187-188, 199, 205-210, 223-227, 233, 237, 243-244, 256-257, 264-265, 279-280, 285-309, 315-316, 328-329, 332-346
---------------------------------------------------------
TOTAL                        1462    405    72%

9 files skipped due to complete coverage.
