s...........sss..s............
----------------------------------------------------------------------
Ran 30 tests in 0.067s

OK (skipped=5)
Name                       Stmts   Miss  Cover   Missing
--------------------------------------------------------
utilities/json_parser.py      66     58    12%   21-48, 55-96
utilities/management.py      411    223    46%   86, 98, 196, 274, 301-378, 387-410, 428-478, 487-524, 531-565, 571-611, 615-647, 650-660
utilities/tests.py           318     44    86%   279-290, 297-325, 331-356, 362-367, 374-377
utilities/views.py           148     29    80%   27, 36-40, 50, 57, 65, 69, 73, 130-131, 193, 198-200, 213-214, 219, 223-233
--------------------------------------------------------
TOTAL                       1109    354    68%

8 files skipped due to complete coverage.
